1647176332657	geckodriver	INFO	Listening on 127.0.0.1:46695
1647176332662	mozrunner::runner	INFO	Running command: "/usr/bin/firefox" "--marionette" "--remote-debugging-port" "50365" "-no-remote" "-profile" "/tmp/rust_mozprofileQw4HFy"
ATTENTION: default value of option mesa_glthread overridden by environment.
ATTENTION: default value of option mesa_glthread overridden by environment.
ATTENTION: default value of option mesa_glthread overridden by environment.
ATTENTION: default value of option mesa_glthread overridden by environment.
1647176333580	Marionette	INFO	Marionette enabled
console.warn: SearchSettings: "get: No settings file exists, new profile?" (new NotFoundError("Could not open the file at /tmp/rust_mozprofileQw4HFy/search.json.mozlz4", (void 0)))
DevTools listening on ws://localhost:50365/devtools/browser/1350bdc9-de06-4d45-948c-7ebf95902f83
1647176334934	Marionette	INFO	Listening on port 41151
1647176335005	RemoteAgent	WARN	TLS certificate errors will be ignored for this session
1647176359939	geckodriver	INFO	Listening on 127.0.0.1:59383
1647176359944	mozrunner::runner	INFO	Running command: "/usr/bin/firefox" "--marionette" "--remote-debugging-port" "48531" "-no-remote" "-profile" "/tmp/rust_mozprofileffhSrX"
ATTENTION: default value of option mesa_glthread overridden by environment.
ATTENTION: default value of option mesa_glthread overridden by environment.
ATTENTION: default value of option mesa_glthread overridden by environment.
ATTENTION: default value of option mesa_glthread overridden by environment.
1647176360678	Marionette	INFO	Marionette enabled
console.warn: SearchSettings: "get: No settings file exists, new profile?" (new NotFoundError("Could not open the file at /tmp/rust_mozprofileffhSrX/search.json.mozlz4", (void 0)))
DevTools listening on ws://localhost:48531/devtools/browser/00645548-8809-4ba6-9172-6fbccd84fd00
1647176362065	Marionette	INFO	Listening on port 42927
1647176362171	RemoteAgent	WARN	TLS certificate errors will be ignored for this session
1647176376696	Marionette	INFO	Stopped listening on port 42927
console.warn: TopSitesFeed: Failed to fetch data from Contile server: NetworkError when attempting to fetch resource.
1647176431466	Marionette	INFO	Stopped listening on port 41151
console.warn: TopSitesFeed: Failed to fetch data from Contile server: NetworkError when attempting to fetch resource.

###!!! [Parent][PImageBridgeParent] Error: RunMessage(msgname=PImageBridge::Msg_WillClose) Channel closing: too late to send/recv, messages will be lost

