2023-03-21 21:47:08,467 - internal.pkg.logger - INFO - mysql+mysqlconnector://root:123456@mysql:3306/xlab_comp_db?charset=utf8
2023-03-21 21:47:20,794 - internal.pkg.logger - INFO - mysql+mysqlconnector://root:123456@mysql:3306/xlab_comp_db?charset=utf8
2023-05-03 20:43:31,982 - internal.pkg.logger - INFO - mysql+mysqlconnector://vscode:dcp2001pb@localhost:3306/xlab_comp_db?charset=utf8
2023-05-03 20:44:56,539 - internal.pkg.logger - INFO - mysql+mysqlconnector://vscode:dcp2001pb@localhost:3306/xlab_comp_db?charset=utf8
2023-05-03 21:03:14,437 - internal.pkg.logger - INFO - mysql+mysqlconnector://vscode:dcp2001pb@localhost:3306/xlab_comp_db?charset=utf8
2023-05-03 21:03:14,670 - internal.pkg.logger - INFO - db connect success
2023-05-03 21:07:06,709 - internal.pkg.logger - INFO - mysql+mysqlconnector://vscode:dcp2001pb@localhost:3306/xlab_comp_db?charset=utf8
2023-05-03 21:07:06,748 - internal.pkg.logger - INFO - db connect success
2023-05-03 21:08:02,536 - internal.pkg.logger - INFO - mysql+mysqlconnector://vscode:dcp2001pb@localhost:3306/xlab_comp_db?charset=utf8
2023-05-03 21:08:02,572 - internal.pkg.logger - INFO - db connect success
2023-05-03 21:13:02,853 - internal.pkg.logger - INFO - Start enumming moocollege
2023-05-03 21:13:13,413 - internal.pkg.logger - INFO - get moocollege successfully done
2023-05-03 21:13:13,487 - internal.pkg.logger - INFO - https://www.saikr.com/vs/engineering/0/1?page=1
2023-05-03 21:13:14,008 - internal.pkg.logger - INFO - get saikr successfully done
2023-05-03 21:14:04,733 - internal.pkg.logger - INFO - mysql+mysqlconnector://vscode:dcp2001pb@localhost:3306/xlab_comp_db?charset=utf8
2023-05-03 21:14:04,770 - internal.pkg.logger - INFO - db connect success
2023-05-03 21:16:04,877 - internal.pkg.logger - INFO - Start enumming moocollege
2023-05-03 21:16:15,226 - internal.pkg.logger - INFO - get moocollege successfully done
2023-05-03 21:16:15,302 - internal.pkg.logger - INFO - https://www.saikr.com/vs/engineering/0/1?page=1
2023-05-03 21:16:15,762 - internal.pkg.logger - INFO - get saikr successfully done
2023-05-03 21:16:15,790 - internal.pkg.logger - INFO - https://www.saikr.com/vs/colligate/0/1?page=1
2023-05-03 21:16:16,134 - internal.pkg.logger - INFO - get saikr successfully done
2023-05-03 21:16:16,166 - internal.pkg.logger - INFO - https://www.saikr.com/vs/commerce/0/1?page=1
2023-05-03 21:16:16,568 - internal.pkg.logger - INFO - get saikr successfully done
2023-05-03 21:16:16,596 - internal.pkg.logger - INFO - http://www.52jingsai.com/bisai/shangyechuangyeindex.php?{'page': '1'}
2023-05-03 21:16:17,154 - internal.pkg.logger - INFO - get 52jingsai successfully done
2023-05-03 21:16:17,213 - internal.pkg.logger - INFO - http://www.52jingsai.com/bisai/shangyechuangyeindex.php?{'page': '2'}
2023-05-03 21:16:17,555 - internal.pkg.logger - INFO - get 52jingsai successfully done
2023-05-03 21:16:17,581 - internal.pkg.logger - INFO - http://www.52jingsai.com/bisai/kejiindex.php?{'page': '1'}
2023-05-03 21:16:18,077 - internal.pkg.logger - INFO - get 52jingsai successfully done
2023-05-03 21:16:18,104 - internal.pkg.logger - INFO - http://www.52jingsai.com/bisai/kejiindex.php?{'page': '2'}
2023-05-03 21:16:18,422 - internal.pkg.logger - INFO - get 52jingsai successfully done
2023-05-03 21:16:18,448 - internal.pkg.logger - INFO - http://www.52jingsai.com/bisai/xkjnindex.php?{'page': '1'}
2023-05-03 21:16:18,777 - internal.pkg.logger - INFO - get 52jingsai successfully done
2023-05-03 21:16:18,837 - internal.pkg.logger - INFO - http://www.52jingsai.com/bisai/xkjnindex.php?{'page': '2'}
2023-05-03 21:16:19,137 - internal.pkg.logger - INFO - get 52jingsai successfully done
2023-05-03 21:24:46,588 - internal.pkg.logger - INFO - mysql+mysqlconnector://vscode:dcp2001pb@localhost:3306/xlab_comp_db?charset=utf8
2023-05-03 21:24:46,624 - internal.pkg.logger - INFO - db connect success
2023-05-03 21:26:46,742 - internal.pkg.logger - INFO - Start enumming moocollege
2023-05-03 21:26:57,163 - internal.pkg.logger - INFO - get moocollege successfully done
2023-05-03 21:26:57,239 - internal.pkg.logger - INFO - https://www.saikr.com/vs/colligate/0/1?page=1
2023-05-03 21:26:57,728 - internal.pkg.logger - INFO - get saikr successfully done
2023-05-03 21:26:57,758 - internal.pkg.logger - INFO - https://www.saikr.com/vs/engineering/0/1?page=1
2023-05-03 21:26:58,135 - internal.pkg.logger - INFO - get saikr successfully done
2023-05-03 21:26:58,166 - internal.pkg.logger - INFO - https://www.saikr.com/vs/commerce/0/1?page=1
2023-05-03 21:26:58,509 - internal.pkg.logger - INFO - get saikr successfully done
2023-05-03 21:26:58,539 - internal.pkg.logger - INFO - http://www.52jingsai.com/bisai/shangyechuangyeindex.php?{'page': '1'}
2023-05-03 21:26:59,100 - internal.pkg.logger - INFO - get 52jingsai successfully done
2023-05-03 21:26:59,128 - internal.pkg.logger - INFO - http://www.52jingsai.com/bisai/shangyechuangyeindex.php?{'page': '2'}
2023-05-03 21:26:59,559 - internal.pkg.logger - INFO - get 52jingsai successfully done
2023-05-03 21:26:59,585 - internal.pkg.logger - INFO - http://www.52jingsai.com/bisai/kejiindex.php?{'page': '1'}
2023-05-03 21:26:59,985 - internal.pkg.logger - INFO - get 52jingsai successfully done
2023-05-03 21:27:00,011 - internal.pkg.logger - INFO - http://www.52jingsai.com/bisai/kejiindex.php?{'page': '2'}
2023-05-03 21:27:00,407 - internal.pkg.logger - INFO - get 52jingsai successfully done
2023-05-03 21:27:00,434 - internal.pkg.logger - INFO - http://www.52jingsai.com/bisai/xkjnindex.php?{'page': '1'}
2023-05-03 21:27:00,784 - internal.pkg.logger - INFO - get 52jingsai successfully done
2023-05-03 21:27:00,846 - internal.pkg.logger - INFO - http://www.52jingsai.com/bisai/xkjnindex.php?{'page': '2'}
2023-05-03 21:27:01,137 - internal.pkg.logger - INFO - get 52jingsai successfully done
2023-05-03 21:29:33,081 - internal.pkg.logger - INFO - mysql+mysqlconnector://vscode:dcp2001pb@localhost:3306/xlab_comp_db?charset=utf8
2023-05-03 21:29:33,118 - internal.pkg.logger - INFO - db connect success
2023-05-03 21:31:33,219 - internal.pkg.logger - INFO - Start enumming moocollege
2023-05-03 21:31:43,676 - internal.pkg.logger - INFO - get moocollege successfully done
2023-05-03 21:31:43,750 - internal.pkg.logger - INFO - https://www.saikr.com/vs/commerce/0/1?page=1
2023-05-03 21:31:44,170 - internal.pkg.logger - INFO - get saikr successfully done
2023-05-03 21:31:44,198 - internal.pkg.logger - INFO - https://www.saikr.com/vs/colligate/0/1?page=1
2023-05-03 21:31:44,681 - internal.pkg.logger - INFO - get saikr successfully done
2023-05-03 21:31:44,719 - internal.pkg.logger - INFO - https://www.saikr.com/vs/engineering/0/1?page=1
2023-05-03 21:31:45,065 - internal.pkg.logger - INFO - get saikr successfully done
2023-05-03 21:31:45,095 - internal.pkg.logger - INFO - http://www.52jingsai.com/bisai/shangyechuangyeindex.php?{'page': '1'}
2023-05-03 21:31:45,389 - internal.pkg.logger - INFO - get 52jingsai successfully done
2023-05-03 21:31:45,415 - internal.pkg.logger - INFO - http://www.52jingsai.com/bisai/shangyechuangyeindex.php?{'page': '2'}
2023-05-03 21:31:45,743 - internal.pkg.logger - INFO - get 52jingsai successfully done
2023-05-03 21:31:45,770 - internal.pkg.logger - INFO - http://www.52jingsai.com/bisai/kejiindex.php?{'page': '1'}
2023-05-03 21:31:46,148 - internal.pkg.logger - INFO - get 52jingsai successfully done
2023-05-03 21:31:46,177 - internal.pkg.logger - INFO - http://www.52jingsai.com/bisai/kejiindex.php?{'page': '2'}
2023-05-03 21:31:46,547 - internal.pkg.logger - INFO - get 52jingsai successfully done
2023-05-03 21:31:46,573 - internal.pkg.logger - INFO - http://www.52jingsai.com/bisai/xkjnindex.php?{'page': '1'}
2023-05-03 21:31:46,848 - internal.pkg.logger - INFO - get 52jingsai successfully done
2023-05-03 21:31:46,911 - internal.pkg.logger - INFO - http://www.52jingsai.com/bisai/xkjnindex.php?{'page': '2'}
2023-05-03 21:31:47,249 - internal.pkg.logger - INFO - get 52jingsai successfully done
2023-05-03 21:37:32,705 - internal.pkg.logger - INFO - mysql+mysqlconnector://vscode:dcp2001pb@localhost:3306/xlab_comp_db?charset=utf8
2023-05-03 21:37:32,742 - internal.pkg.logger - INFO - db connect success
2023-05-03 21:38:32,801 - internal.pkg.logger - INFO - Start enumming moocollege
2023-05-03 21:38:43,567 - internal.pkg.logger - INFO - get moocollege successfully done
2023-05-03 21:38:43,643 - internal.pkg.logger - INFO - https://www.saikr.com/vs/commerce/0/1?page=1
2023-05-03 21:38:44,119 - internal.pkg.logger - INFO - get saikr successfully done
2023-05-03 21:38:44,149 - internal.pkg.logger - INFO - https://www.saikr.com/vs/engineering/0/1?page=1
2023-05-03 21:38:44,554 - internal.pkg.logger - INFO - get saikr successfully done
2023-05-03 21:38:44,582 - internal.pkg.logger - INFO - https://www.saikr.com/vs/colligate/0/1?page=1
2023-05-03 21:38:45,083 - internal.pkg.logger - INFO - get saikr successfully done
2023-05-03 21:38:45,114 - internal.pkg.logger - INFO - http://www.52jingsai.com/bisai/shangyechuangyeindex.php?{'page': '1'}
2023-05-03 21:38:45,641 - internal.pkg.logger - INFO - get 52jingsai successfully done
2023-05-03 21:38:45,667 - internal.pkg.logger - INFO - http://www.52jingsai.com/bisai/shangyechuangyeindex.php?{'page': '2'}
2023-05-03 21:38:46,135 - internal.pkg.logger - INFO - get 52jingsai successfully done
2023-05-03 21:38:46,162 - internal.pkg.logger - INFO - http://www.52jingsai.com/bisai/kejiindex.php?{'page': '1'}
2023-05-03 21:38:46,553 - internal.pkg.logger - INFO - get 52jingsai successfully done
2023-05-03 21:38:46,579 - internal.pkg.logger - INFO - http://www.52jingsai.com/bisai/kejiindex.php?{'page': '2'}
2023-05-03 21:38:46,997 - internal.pkg.logger - INFO - get 52jingsai successfully done
2023-05-03 21:38:47,028 - internal.pkg.logger - INFO - http://www.52jingsai.com/bisai/xkjnindex.php?{'page': '1'}
2023-05-03 21:38:47,330 - internal.pkg.logger - INFO - get 52jingsai successfully done
2023-05-03 21:38:47,392 - internal.pkg.logger - INFO - http://www.52jingsai.com/bisai/xkjnindex.php?{'page': '2'}
2023-05-03 21:38:47,637 - internal.pkg.logger - INFO - get 52jingsai successfully done
2023-05-03 21:38:47,785 - internal.pkg.logger - DEBUG - find the same url:www.robotcontest.cn
2023-05-03 21:38:47,793 - internal.pkg.logger - DEBUG - find the same url:www.jcyxds.com
2023-05-03 21:38:47,872 - internal.pkg.logger - DEBUG - find the same url:znjqr.sc.moocollege.com
2023-05-03 21:38:47,882 - internal.pkg.logger - DEBUG - find the same url:sizu.moocollege.com
2023-05-03 21:38:47,925 - internal.pkg.logger - DEBUG - find the same url:znjqr.sx.moocollege.com
2023-05-03 21:38:47,927 - internal.pkg.logger - DEBUG - find the same url:znjqr.jl.moocollege.com
2023-05-03 21:38:47,931 - internal.pkg.logger - DEBUG - find the same url:www.structurecontest.com
2023-05-03 21:38:47,942 - internal.pkg.logger - DEBUG - find the same url:znjqr.hlj.moocollege.com
2023-05-03 21:38:47,943 - internal.pkg.logger - DEBUG - find the same url:smartcar.moocollege.com
2023-05-03 21:38:47,947 - internal.pkg.logger - DEBUG - find the same url:znjqr.cq.moocollege.com
2023-05-03 21:38:47,954 - internal.pkg.logger - DEBUG - find the same url:dzjnds.p.moocollege.com
2023-05-03 21:38:47,955 - internal.pkg.logger - DEBUG - find the same url:elsfk.moocollege.com
2023-05-03 21:38:47,957 - internal.pkg.logger - DEBUG - find the same url:znjqr.sh.moocollege.com
2023-05-03 21:38:47,965 - internal.pkg.logger - DEBUG - find the same url:znjqr.tj.moocollege.com
2023-05-03 21:38:47,966 - internal.pkg.logger - DEBUG - find the same url:znjqr.ah.moocollege.com
2023-05-03 21:38:47,967 - internal.pkg.logger - DEBUG - find the same url:znjqr.nmg.moocollege.com
2023-05-03 21:38:48,001 - internal.pkg.logger - DEBUG - find the same url:znjqr.hb.moocollege.com
2023-05-03 21:38:48,008 - internal.pkg.logger - DEBUG - find the same url:znjqr.gxzzzzq.moocollege.com
2023-05-03 21:38:48,021 - internal.pkg.logger - DEBUG - find the same url:znjqr.xj.moocollege.com
2023-05-03 21:38:48,022 - internal.pkg.logger - DEBUG - find the same url:znjqr.hunan.moocollege.com
2023-05-03 21:38:48,023 - internal.pkg.logger - DEBUG - find the same url:dzjnds.p.moocollege.com
2023-05-03 21:38:48,025 - internal.pkg.logger - DEBUG - find the same url:znjqr.jx.moocollege.com
2023-05-03 21:38:48,042 - internal.pkg.logger - DEBUG - find the same url:znjqr.yn.moocollege.com
2023-05-03 21:38:48,043 - internal.pkg.logger - DEBUG - find the same url:znjqr.qh.moocollege.com
2023-05-03 21:38:48,045 - internal.pkg.logger - DEBUG - find the same url:znjqr.gz.moocollege.com
2023-05-03 21:38:48,058 - internal.pkg.logger - DEBUG - find the same url:znjqr.hn.moocollege.com
2023-05-03 21:38:48,060 - internal.pkg.logger - DEBUG - find the same url:znjqr.gd.moocollege.com
2023-05-03 21:38:48,061 - internal.pkg.logger - DEBUG - find the same url:znjqr.xz.moocollege.com
2023-05-03 21:38:48,127 - internal.pkg.logger - DEBUG - find the same url:znjqr.nx.moocollege.com
2023-05-03 21:38:48,273 - internal.pkg.logger - DEBUG - find the same url:www.structurecontest.com
2023-05-03 21:38:48,274 - internal.pkg.logger - DEBUG - find the same url:www.structurecontest.com
2023-05-03 21:38:48,275 - internal.pkg.logger - DEBUG - find the same url:www.structurecontest.com
2023-05-03 21:38:48,276 - internal.pkg.logger - DEBUG - find the same url:www.structurecontest.com
2023-05-03 21:38:48,278 - internal.pkg.logger - DEBUG - find the same url:www.structurecontest.com
2023-05-03 21:38:48,279 - internal.pkg.logger - DEBUG - find the same url:www.structurecontest.com
2023-05-03 21:38:48,280 - internal.pkg.logger - DEBUG - find the same url:www.structurecontest.com
2023-05-03 21:38:48,281 - internal.pkg.logger - DEBUG - find the same url:www.structurecontest.com
2023-05-03 21:38:48,283 - internal.pkg.logger - DEBUG - find the same url:www.structurecontest.com
2023-05-03 21:38:48,284 - internal.pkg.logger - DEBUG - find the same url:www.structurecontest.com
2023-05-03 21:38:48,285 - internal.pkg.logger - DEBUG - find the same url:www.structurecontest.com
2023-05-03 21:38:48,286 - internal.pkg.logger - DEBUG - find the same url:www.structurecontest.com
2023-05-03 21:38:48,287 - internal.pkg.logger - DEBUG - find the same url:www.c4best.cn
2023-05-03 21:38:48,289 - internal.pkg.logger - DEBUG - find the same url:www.c4best.cn
2023-05-03 21:38:48,617 - internal.pkg.logger - INFO - All Done in current time: 2023-05-03 21:38:48.617566
2023-05-04 10:53:56,316 - internal.pkg.logger - INFO - mysql+mysqlconnector://vscode:dcp2001pb@localhost:3306/xlab_comp_db?charset=utf8
2023-05-04 10:53:56,592 - internal.pkg.logger - INFO - db connect success
2023-05-04 10:54:56,651 - internal.pkg.logger - INFO - Start enumming moocollege
2023-05-04 10:55:06,758 - internal.pkg.logger - INFO - get moocollege successfully done
2023-05-04 10:55:06,837 - internal.pkg.logger - INFO - https://www.saikr.com/vs/commerce/0/1?page=1
2023-05-04 10:55:07,392 - internal.pkg.logger - INFO - get saikr successfully done
2023-05-04 10:55:07,423 - internal.pkg.logger - INFO - https://www.saikr.com/vs/colligate/0/1?page=1
2023-05-04 10:55:07,906 - internal.pkg.logger - INFO - get saikr successfully done
2023-05-04 10:55:07,938 - internal.pkg.logger - INFO - https://www.saikr.com/vs/engineering/0/1?page=1
2023-05-04 10:55:08,375 - internal.pkg.logger - INFO - get saikr successfully done
2023-05-04 10:55:08,403 - internal.pkg.logger - INFO - http://www.52jingsai.com/bisai/shangyechuangyeindex.php?{'page': '1'}
2023-05-04 10:55:08,794 - internal.pkg.logger - INFO - get 52jingsai successfully done
2023-05-04 10:55:08,831 - internal.pkg.logger - INFO - http://www.52jingsai.com/bisai/shangyechuangyeindex.php?{'page': '2'}
2023-05-04 10:55:09,223 - internal.pkg.logger - INFO - get 52jingsai successfully done
2023-05-04 10:55:09,252 - internal.pkg.logger - INFO - http://www.52jingsai.com/bisai/kejiindex.php?{'page': '1'}
2023-05-04 10:55:09,645 - internal.pkg.logger - INFO - get 52jingsai successfully done
2023-05-04 10:55:09,671 - internal.pkg.logger - INFO - http://www.52jingsai.com/bisai/kejiindex.php?{'page': '2'}
2023-05-04 10:55:10,065 - internal.pkg.logger - INFO - get 52jingsai successfully done
2023-05-04 10:55:10,094 - internal.pkg.logger - INFO - http://www.52jingsai.com/bisai/xkjnindex.php?{'page': '1'}
2023-05-04 10:55:10,421 - internal.pkg.logger - INFO - get 52jingsai successfully done
2023-05-04 10:55:10,490 - internal.pkg.logger - INFO - http://www.52jingsai.com/bisai/xkjnindex.php?{'page': '2'}
2023-05-04 10:55:10,781 - internal.pkg.logger - INFO - get 52jingsai successfully done
2023-05-04 10:55:10,830 - internal.pkg.logger - DEBUG - find the same url:c4best2021.moocollege.com
2023-05-04 10:55:10,833 - internal.pkg.logger - DEBUG - find the same url:2020appcontest.skin.moocollege.com
2023-05-04 10:55:10,835 - internal.pkg.logger - DEBUG - find the same url:www.lidadesignaward.com
2023-05-04 10:55:10,836 - internal.pkg.logger - DEBUG - find the same url:2021appcontest.skin.moocollege.com
2023-05-04 10:55:10,838 - internal.pkg.logger - DEBUG - find the same url:https://cc.moocollege.com/#/details?2266
2023-05-04 10:55:10,839 - internal.pkg.logger - DEBUG - find the same url:ccpit2022.moocollege.com
2023-05-04 10:55:10,840 - internal.pkg.logger - DEBUG - find the same url:wlsycx2022.moocollege.com
2023-05-04 10:55:10,842 - internal.pkg.logger - DEBUG - find the same url:2022appcontest.skin.moocollege.com
2023-05-04 10:55:10,843 - internal.pkg.logger - DEBUG - find the same url:www.robotcontest.cn
2023-05-04 10:55:10,844 - internal.pkg.logger - DEBUG - find the same url:c4best2022.moocollege.com
2023-05-04 10:55:10,846 - internal.pkg.logger - DEBUG - find the same url:https://cc.moocollege.com/#/details?5844
2023-05-04 10:55:10,847 - internal.pkg.logger - DEBUG - find the same url:net.c4best.cn
2023-05-04 10:55:10,849 - internal.pkg.logger - DEBUG - find the same url:meca2022.meach.cn
2023-05-04 10:55:10,850 - internal.pkg.logger - DEBUG - find the same url:www.jcyxds.com
2023-05-04 10:55:10,852 - internal.pkg.logger - DEBUG - find the same url:zyjh.moocollege.com
2023-05-04 10:55:10,853 - internal.pkg.logger - DEBUG - find the same url:https://cc.moocollege.com/#/details?10937
2023-05-04 10:55:10,854 - internal.pkg.logger - DEBUG - find the same url:https://cc.moocollege.com/#/details?15271
2023-05-04 10:55:10,856 - internal.pkg.logger - DEBUG - find the same url:genzfilm.moocollege.com
2023-05-04 10:55:10,857 - internal.pkg.logger - DEBUG - find the same url:https://cc.moocollege.com/#/details?15074
2023-05-04 10:55:10,858 - internal.pkg.logger - DEBUG - find the same url:https://cc.moocollege.com/#/details?15370
2023-05-04 10:55:10,860 - internal.pkg.logger - DEBUG - find the same url:https://cc.moocollege.com/#/details?15273
2023-05-04 10:55:10,861 - internal.pkg.logger - DEBUG - find the same url:https://cc.moocollege.com/#/details?15161
2023-05-04 10:55:10,862 - internal.pkg.logger - DEBUG - find the same url:https://cc.moocollege.com/#/details?15159
2023-05-04 10:55:10,864 - internal.pkg.logger - DEBUG - find the same url:pqEXYvmq323Q.skin.moocollege.com
2023-05-04 10:55:10,865 - internal.pkg.logger - DEBUG - find the same url:https://cc.moocollege.com/#/details?15272
2023-05-04 10:55:10,866 - internal.pkg.logger - DEBUG - find the same url:https://cc.moocollege.com/#/details?12741
2023-05-04 10:55:10,868 - internal.pkg.logger - DEBUG - find the same url:www.structurecontest.com
2023-05-04 10:55:10,869 - internal.pkg.logger - DEBUG - find the same url:cmvc.moocollege.com
2023-05-04 10:55:10,871 - internal.pkg.logger - DEBUG - find the same url:www.huacanjiang.com
2023-05-04 10:55:10,872 - internal.pkg.logger - DEBUG - find the same url:meca.meach.cn
2023-05-04 10:55:10,873 - internal.pkg.logger - DEBUG - find the same url:gd.p.moocollege.com
2023-05-04 10:55:10,874 - internal.pkg.logger - DEBUG - find the same url:sizu.moocollege.com
2023-05-04 10:55:10,876 - internal.pkg.logger - DEBUG - find the same url:elsfk.moocollege.com
2023-05-04 10:55:10,877 - internal.pkg.logger - DEBUG - find the same url:www.appcontest.net
2023-05-04 10:55:10,878 - internal.pkg.logger - DEBUG - find the same url:www.robotcontest.cn
2023-05-04 10:55:10,880 - internal.pkg.logger - DEBUG - find the same url:ftptpic.moocollege.com
2023-05-04 10:55:10,881 - internal.pkg.logger - DEBUG - find the same url:https://cc.moocollege.com/#/details?17330
2023-05-04 10:55:10,882 - internal.pkg.logger - DEBUG - find the same url:www.jcyxds.com
2023-05-04 10:55:10,884 - internal.pkg.logger - DEBUG - find the same url:znjqr.jl.moocollege.com
2023-05-04 10:55:10,885 - internal.pkg.logger - DEBUG - find the same url:https://cc.moocollege.com/#/details?11027
2023-05-04 10:55:10,886 - internal.pkg.logger - DEBUG - find the same url:https://cc.moocollege.com/#/details?10825
2023-05-04 10:55:10,887 - internal.pkg.logger - DEBUG - find the same url:znjqr.sc.moocollege.com
2023-05-04 10:55:10,889 - internal.pkg.logger - DEBUG - find the same url:bzh.moocollege.com
2023-05-04 10:55:10,890 - internal.pkg.logger - DEBUG - find the same url:znjqr.sd.moocollege.com
2023-05-04 10:55:10,891 - internal.pkg.logger - DEBUG - find the same url:https://cc.moocollege.com/#/details?11090
2023-05-04 10:55:10,892 - internal.pkg.logger - DEBUG - find the same url:pWVVo0R3mkef.p.moocollege.com
2023-05-04 10:55:10,894 - internal.pkg.logger - DEBUG - find the same url:bjcac.buu.moocollege.com
2023-05-04 10:55:10,895 - internal.pkg.logger - DEBUG - find the same url:zuaec.zj.moocollege.com
2023-05-04 10:55:10,898 - internal.pkg.logger - DEBUG - find the same url:smartcar.moocollege.com
2023-05-04 10:55:10,900 - internal.pkg.logger - DEBUG - find the same url:znjqr.hlj.moocollege.com
2023-05-04 10:55:10,901 - internal.pkg.logger - DEBUG - find the same url:znjqr.hunan.moocollege.com
2023-05-04 10:55:10,902 - internal.pkg.logger - DEBUG - find the same url:https://cc.moocollege.com/#/details?12874
2023-05-04 10:55:10,904 - internal.pkg.logger - DEBUG - find the same url:znjqr.sx.moocollege.com
2023-05-04 10:55:10,905 - internal.pkg.logger - DEBUG - find the same url:dzjnds.p.moocollege.com
2023-05-04 10:55:10,906 - internal.pkg.logger - DEBUG - find the same url:znjqr.hb.moocollege.com
2023-05-04 10:55:10,907 - internal.pkg.logger - DEBUG - find the same url:znjqr.gd.moocollege.com
2023-05-04 10:55:10,909 - internal.pkg.logger - DEBUG - find the same url:https://cc.moocollege.com/#/details?8841
2023-05-04 10:55:10,910 - internal.pkg.logger - DEBUG - find the same url:https://cc.moocollege.com/#/details?9775
2023-05-04 10:55:10,911 - internal.pkg.logger - DEBUG - find the same url:https://cc.moocollege.com/#/details?9515
2023-05-04 10:55:10,912 - internal.pkg.logger - DEBUG - find the same url:znjqr.jx.moocollege.com
2023-05-04 10:55:10,914 - internal.pkg.logger - DEBUG - find the same url:znjqr.cq.moocollege.com
2023-05-04 10:55:10,915 - internal.pkg.logger - DEBUG - find the same url:https://cc.moocollege.com/#/details?7899
2023-05-04 10:55:10,917 - internal.pkg.logger - DEBUG - find the same url:https://cc.moocollege.com/#/details?1211
2023-05-04 10:55:10,918 - internal.pkg.logger - DEBUG - find the same url:znjqr.sc.moocollege.com
2023-05-04 10:55:10,919 - internal.pkg.logger - DEBUG - find the same url:h1ALyxuXL2Ey.p.moocollege.com
2023-05-04 10:55:10,920 - internal.pkg.logger - DEBUG - find the same url:znjqr.gxzzzzq.moocollege.com
2023-05-04 10:55:10,922 - internal.pkg.logger - DEBUG - find the same url:ccpit.moocollege.com
2023-05-04 10:55:10,923 - internal.pkg.logger - DEBUG - find the same url:https://cc.moocollege.com/#/details?8864
2023-05-04 10:55:10,924 - internal.pkg.logger - DEBUG - find the same url:sizu.moocollege.com
2023-05-04 10:55:10,925 - internal.pkg.logger - DEBUG - find the same url:https://cc.moocollege.com/#/details?6895
2023-05-04 10:55:10,926 - internal.pkg.logger - DEBUG - find the same url:znjqr.ah.moocollege.com
2023-05-04 10:55:10,927 - internal.pkg.logger - DEBUG - find the same url:znjqr.nx.moocollege.com
2023-05-04 10:55:10,929 - internal.pkg.logger - DEBUG - find the same url:znjqr.sh.moocollege.com
2023-05-04 10:55:10,930 - internal.pkg.logger - DEBUG - find the same url:znjqr.gz.moocollege.com
2023-05-04 10:55:10,931 - internal.pkg.logger - DEBUG - find the same url:znjqr.hubei.moocollege.com
2023-05-04 10:55:10,933 - internal.pkg.logger - DEBUG - find the same url:http://www.cnrobocon.net/#/
2023-05-04 10:55:10,934 - internal.pkg.logger - DEBUG - find the same url:irfc.robotcontest.cn
2023-05-04 10:55:10,935 - internal.pkg.logger - DEBUG - find the same url:znjqr.sx.moocollege.com
2023-05-04 10:55:10,936 - internal.pkg.logger - DEBUG - find the same url:znjqr.tj.moocollege.com
2023-05-04 10:55:10,938 - internal.pkg.logger - DEBUG - find the same url:https://cc.moocollege.com/#/details?12731
2023-05-04 10:55:10,939 - internal.pkg.logger - DEBUG - find the same url:znjqr.shanxi.moocollege.com
2023-05-04 10:55:10,940 - internal.pkg.logger - DEBUG - find the same url:znjqr.fj.moocollege.com
2023-05-04 10:55:10,941 - internal.pkg.logger - DEBUG - find the same url:www.structurecontest.com
2023-05-04 10:55:10,942 - internal.pkg.logger - DEBUG - find the same url:znjqr.jl.moocollege.com
2023-05-04 10:55:10,944 - internal.pkg.logger - DEBUG - find the same url:https://cc.moocollege.com/#/details?7004
2023-05-04 10:55:10,945 - internal.pkg.logger - DEBUG - find the same url:wlsycx.moocollege.com
2023-05-04 10:55:10,946 - internal.pkg.logger - DEBUG - find the same url:https://cc.moocollege.com/#/details?9354
2023-05-04 10:55:10,948 - internal.pkg.logger - DEBUG - find the same url:znjqr.hlj.moocollege.com
2023-05-04 10:55:10,949 - internal.pkg.logger - DEBUG - find the same url:znjqr.cq.moocollege.com
2023-05-04 10:55:10,950 - internal.pkg.logger - DEBUG - find the same url:smartcar.moocollege.com
2023-05-04 10:55:10,951 - internal.pkg.logger - DEBUG - find the same url:https://cc.moocollege.com/#/details?10107
2023-05-04 10:55:10,953 - internal.pkg.logger - DEBUG - find the same url:elsfk.moocollege.com
2023-05-04 10:55:10,954 - internal.pkg.logger - DEBUG - find the same url:znjqr.nmg.moocollege.com
2023-05-04 10:55:10,955 - internal.pkg.logger - DEBUG - find the same url:https://cc.moocollege.com/#/details?8881
2023-05-04 10:55:10,957 - internal.pkg.logger - DEBUG - find the same url:dzjnds.p.moocollege.com
2023-05-04 10:55:10,958 - internal.pkg.logger - DEBUG - find the same url:znjqr.sh.moocollege.com
2023-05-04 10:55:10,959 - internal.pkg.logger - DEBUG - find the same url:znjqr.ln.moocollege.com
2023-05-04 10:55:10,960 - internal.pkg.logger - DEBUG - find the same url:znjqr.qh.moocollege.com
2023-05-04 10:55:10,962 - internal.pkg.logger - DEBUG - find the same url:znjqr.tj.moocollege.com
2023-05-04 10:55:10,963 - internal.pkg.logger - DEBUG - find the same url:znjqr.nmg.moocollege.com
2023-05-04 10:55:10,964 - internal.pkg.logger - DEBUG - find the same url:znjqr.henan.moocollege.com
2023-05-04 10:55:10,966 - internal.pkg.logger - DEBUG - find the same url:https://cc.moocollege.com/#/details?9454
2023-05-04 10:55:10,967 - internal.pkg.logger - DEBUG - find the same url:znjqr.hn.moocollege.com
2023-05-04 10:55:10,968 - internal.pkg.logger - DEBUG - find the same url:znjqr.gs.moocollege.com
2023-05-04 10:55:10,970 - internal.pkg.logger - DEBUG - find the same url:https://cc.moocollege.com/#/details?8779
2023-05-04 10:55:10,971 - internal.pkg.logger - DEBUG - find the same url:https://cc.moocollege.com/#/details?9383
2023-05-04 10:55:10,972 - internal.pkg.logger - DEBUG - find the same url:https://cc.moocollege.com/#/details?444
2023-05-04 10:55:10,974 - internal.pkg.logger - DEBUG - find the same url:https://cc.moocollege.com/#/details?4457
2023-05-04 10:55:10,975 - internal.pkg.logger - DEBUG - find the same url:znjqr.xj.moocollege.com
2023-05-04 10:55:10,976 - internal.pkg.logger - DEBUG - find the same url:znjqr.yn.moocollege.com
2023-05-04 10:55:10,978 - internal.pkg.logger - DEBUG - find the same url:znjqr.hb.moocollege.com
2023-05-04 10:55:10,979 - internal.pkg.logger - DEBUG - find the same url:https://cc.moocollege.com/#/details?8876
2023-05-04 10:55:10,980 - internal.pkg.logger - DEBUG - find the same url:znjqr.gxzzzzq.moocollege.com
2023-05-04 10:55:10,982 - internal.pkg.logger - DEBUG - find the same url:https://cc.moocollege.com/#/details?8838
2023-05-04 10:55:10,983 - internal.pkg.logger - DEBUG - find the same url:znjqr.js.moocollege.com
2023-05-04 10:55:10,984 - internal.pkg.logger - DEBUG - find the same url:https://cc.moocollege.com/#/details?8868
2023-05-04 10:55:10,985 - internal.pkg.logger - DEBUG - find the same url:znjqr.bj.moocollege.com
2023-05-04 10:55:10,987 - internal.pkg.logger - DEBUG - find the same url:https://cc.moocollege.com/#/details?14929
2023-05-04 10:55:10,988 - internal.pkg.logger - DEBUG - find the same url:znjqr.xj.moocollege.com
2023-05-04 10:55:10,989 - internal.pkg.logger - DEBUG - find the same url:znjqr.hunan.moocollege.com
2023-05-04 10:55:10,990 - internal.pkg.logger - DEBUG - find the same url:dzjnds.p.moocollege.com
2023-05-04 10:55:10,991 - internal.pkg.logger - DEBUG - find the same url:znjqr.jx.moocollege.com
2023-05-04 10:55:10,993 - internal.pkg.logger - DEBUG - find the same url:https://cc.moocollege.com/#/details?16102
2023-05-04 10:55:10,994 - internal.pkg.logger - DEBUG - find the same url:https://cc.moocollege.com/#/details?14836
2023-05-04 10:55:10,995 - internal.pkg.logger - DEBUG - find the same url:znjqr.xz.moocollege.com
2023-05-04 10:55:10,996 - internal.pkg.logger - DEBUG - find the same url:znjqr.ah.moocollege.com
2023-05-04 10:55:10,998 - internal.pkg.logger - DEBUG - find the same url:https://cc.moocollege.com/#/details?12713
2023-05-04 10:55:10,999 - internal.pkg.logger - DEBUG - find the same url:https://cc.moocollege.com/#/details?15118
2023-05-04 10:55:11,002 - internal.pkg.logger - DEBUG - find the same url:znjqr.yn.moocollege.com
2023-05-04 10:55:11,003 - internal.pkg.logger - DEBUG - find the same url:znjqr.qh.moocollege.com
2023-05-04 10:55:11,004 - internal.pkg.logger - DEBUG - find the same url:znjqr.gz.moocollege.com
2023-05-04 10:55:11,006 - internal.pkg.logger - DEBUG - find the same url:https://cc.moocollege.com/#/details?4627
2023-05-04 10:55:11,007 - internal.pkg.logger - DEBUG - find the same url:https://cc.moocollege.com/#/details?14774
2023-05-04 10:55:11,008 - internal.pkg.logger - DEBUG - find the same url:Aly5GJqJ4glR.p.moocollege.com
2023-05-04 10:55:11,010 - internal.pkg.logger - DEBUG - find the same url:znjqr.gd.moocollege.com
2023-05-04 10:55:11,011 - internal.pkg.logger - DEBUG - find the same url:znjqr.hn.moocollege.com
2023-05-04 10:55:11,012 - internal.pkg.logger - DEBUG - find the same url:znjqr.xz.moocollege.com
2023-05-04 10:55:11,014 - internal.pkg.logger - DEBUG - find the same url:https://cc.moocollege.com/#/details?2092
2023-05-04 10:55:11,015 - internal.pkg.logger - DEBUG - find the same url:https://cc.moocollege.com/#/details?16327
2023-05-04 10:55:11,016 - internal.pkg.logger - DEBUG - find the same url:https://cc.moocollege.com/#/details?16250
2023-05-04 10:55:11,018 - internal.pkg.logger - DEBUG - find the same url:https://cc.moocollege.com/#/details?16323
2023-05-04 10:55:11,019 - internal.pkg.logger - DEBUG - find the same url:https://cc.moocollege.com/#/details?16325
2023-05-04 10:55:11,020 - internal.pkg.logger - DEBUG - find the same url:https://cc.moocollege.com/#/details?16977
2023-05-04 10:55:11,021 - internal.pkg.logger - DEBUG - find the same url:https://cc.moocollege.com/#/details?14717
2023-05-04 10:55:11,023 - internal.pkg.logger - DEBUG - find the same url:https://cc.moocollege.com/#/details?16101
2023-05-04 10:55:11,024 - internal.pkg.logger - DEBUG - find the same url:LYWqjxyK0hRq.skin.moocollege.com
2023-05-04 10:55:11,025 - internal.pkg.logger - DEBUG - find the same url:https://cc.moocollege.com/#/details?15910
2023-05-04 10:55:11,027 - internal.pkg.logger - DEBUG - find the same url:https://cc.moocollege.com/#/details?16988
2023-05-04 10:55:11,028 - internal.pkg.logger - DEBUG - find the same url:https://cc.moocollege.com/#/details?16258
2023-05-04 10:55:11,030 - internal.pkg.logger - DEBUG - find the same url:https://cc.moocollege.com/#/details?14910
2023-05-04 10:55:11,031 - internal.pkg.logger - DEBUG - find the same url:https://cc.moocollege.com/#/details?10730
2023-05-04 10:55:11,032 - internal.pkg.logger - DEBUG - find the same url:https://cc.moocollege.com/#/details?12730
2023-05-04 10:55:11,033 - internal.pkg.logger - DEBUG - find the same url:https://cc.moocollege.com/#/details?16098
2023-05-04 10:55:11,035 - internal.pkg.logger - DEBUG - find the same url:znjqr.nx.moocollege.com
2023-05-04 10:55:11,036 - internal.pkg.logger - DEBUG - find the same url:https://cc.moocollege.com/#/details?12712
2023-05-04 10:55:11,038 - internal.pkg.logger - DEBUG - find the same url:https://cc.moocollege.com/#/details?16187
2023-05-04 10:55:11,039 - internal.pkg.logger - DEBUG - find the same url:https://cc.moocollege.com/#/details?16119
2023-05-04 10:55:11,041 - internal.pkg.logger - DEBUG - find the same url:https://cc.moocollege.com/#/details?14716
2023-05-04 10:55:11,043 - internal.pkg.logger - DEBUG - find the same url:https://cc.moocollege.com/#/details?15179
2023-05-04 10:55:11,044 - internal.pkg.logger - DEBUG - find the same url:https://cc.moocollege.com/#/details?15886
2023-05-04 10:55:11,045 - internal.pkg.logger - DEBUG - find the same url:nLDmdnSQmVvE.p.moocollege.com
2023-05-04 10:55:11,046 - internal.pkg.logger - DEBUG - find the same url:https://cc.moocollege.com/#/details?15997
2023-05-04 10:55:11,048 - internal.pkg.logger - DEBUG - find the same url:www.c4best.cn
2023-05-04 10:55:11,049 - internal.pkg.logger - DEBUG - find the same url:https://cc.moocollege.com/#/details?1074
2023-05-04 10:55:11,050 - internal.pkg.logger - DEBUG - find the same url:https://cc.moocollege.com/#/details?14621
2023-05-04 10:55:11,051 - internal.pkg.logger - DEBUG - find the same url:2018appcontest.skin.moocollege.com
2023-05-04 10:55:11,053 - internal.pkg.logger - DEBUG - find the same url:https://cc.moocollege.com/#/details?14629
2023-05-04 10:55:11,054 - internal.pkg.logger - DEBUG - find the same url:https://cc.moocollege.com/#/details?15937
2023-05-04 10:55:11,055 - internal.pkg.logger - DEBUG - find the same url:https://cc.moocollege.com/#/details?15613
2023-05-04 10:55:11,056 - internal.pkg.logger - DEBUG - find the same url:https://cc.moocollege.com/#/details?16987
2023-05-04 10:55:11,058 - internal.pkg.logger - DEBUG - find the same url:https://cc.moocollege.com/#/details?17328
2023-05-04 10:55:11,059 - internal.pkg.logger - DEBUG - find the same url:https://cc.moocollege.com/#/details?12728
2023-05-04 10:55:11,060 - internal.pkg.logger - DEBUG - find the same url:https://cc.moocollege.com/#/details?14719
2023-05-04 10:55:11,061 - internal.pkg.logger - DEBUG - find the same url:https://cc.moocollege.com/#/details?14942
2023-05-04 10:55:11,062 - internal.pkg.logger - DEBUG - find the same url:https://cc.moocollege.com/#/details?16100
2023-05-04 10:55:11,064 - internal.pkg.logger - DEBUG - find the same url:https://cc.moocollege.com/#/details?16256
2023-05-04 10:55:11,065 - internal.pkg.logger - DEBUG - find the same url:https://cc.moocollege.com/#/details?16257
2023-05-04 10:55:11,066 - internal.pkg.logger - DEBUG - find the same url:https://cc.moocollege.com/#/details?5628
2023-05-04 10:55:11,067 - internal.pkg.logger - DEBUG - find the same url:https://cc.moocollege.com/#/details?12706
2023-05-04 10:55:11,069 - internal.pkg.logger - DEBUG - find the same url:https://cc.moocollege.com/#/details?14721
2023-05-04 10:55:11,070 - internal.pkg.logger - DEBUG - find the same url:https://cc.moocollege.com/#/details?15007
2023-05-04 10:55:11,071 - internal.pkg.logger - DEBUG - find the same url:https://cc.moocollege.com/#/details?15397
2023-05-04 10:55:11,072 - internal.pkg.logger - DEBUG - find the same url:https://cc.moocollege.com/#/details?15398
2023-05-04 10:55:11,074 - internal.pkg.logger - DEBUG - find the same url:https://cc.moocollege.com/#/details?15994
2023-05-04 10:55:11,075 - internal.pkg.logger - DEBUG - find the same url:https://cc.moocollege.com/#/details?15996
2023-05-04 10:55:11,076 - internal.pkg.logger - DEBUG - find the same url:https://cc.moocollege.com/#/details?16099
2023-05-04 10:55:11,078 - internal.pkg.logger - DEBUG - find the same url:https://cc.moocollege.com/#/details?16103
2023-05-04 10:55:11,079 - internal.pkg.logger - DEBUG - find the same url:https://cc.moocollege.com/#/details?16104
2023-05-04 10:55:11,080 - internal.pkg.logger - DEBUG - find the same url:https://cc.moocollege.com/#/details?16118
2023-05-04 10:55:11,082 - internal.pkg.logger - DEBUG - find the same url:https://cc.moocollege.com/#/details?16120
2023-05-04 10:55:11,083 - internal.pkg.logger - DEBUG - find the same url:https://cc.moocollege.com/#/details?16121
2023-05-04 10:55:11,084 - internal.pkg.logger - DEBUG - find the same url:https://cc.moocollege.com/#/details?16251
2023-05-04 10:55:11,086 - internal.pkg.logger - DEBUG - find the same url:https://cc.moocollege.com/#/details?16252
2023-05-04 10:55:11,087 - internal.pkg.logger - DEBUG - find the same url:https://cc.moocollege.com/#/details?16255
2023-05-04 10:55:11,088 - internal.pkg.logger - DEBUG - find the same url:https://cc.moocollege.com/#/details?16986
2023-05-04 10:55:11,089 - internal.pkg.logger - DEBUG - find the same url:https://cc.moocollege.com/#/details?17329
2023-05-04 10:55:11,091 - internal.pkg.logger - DEBUG - find the same url:www.structurecontest.com
2023-05-04 10:55:11,092 - internal.pkg.logger - DEBUG - find the same url:www.structurecontest.com
2023-05-04 10:55:11,093 - internal.pkg.logger - DEBUG - find the same url:www.structurecontest.com
2023-05-04 10:55:11,095 - internal.pkg.logger - DEBUG - find the same url:www.structurecontest.com
2023-05-04 10:55:11,096 - internal.pkg.logger - DEBUG - find the same url:www.structurecontest.com
2023-05-04 10:55:11,097 - internal.pkg.logger - DEBUG - find the same url:www.structurecontest.com
2023-05-04 10:55:11,099 - internal.pkg.logger - DEBUG - find the same url:www.structurecontest.com
2023-05-04 10:55:11,100 - internal.pkg.logger - DEBUG - find the same url:www.structurecontest.com
2023-05-04 10:55:11,101 - internal.pkg.logger - DEBUG - find the same url:www.structurecontest.com
2023-05-04 10:55:11,103 - internal.pkg.logger - DEBUG - find the same url:www.structurecontest.com
2023-05-04 10:55:11,104 - internal.pkg.logger - DEBUG - find the same url:www.structurecontest.com
2023-05-04 10:55:11,105 - internal.pkg.logger - DEBUG - find the same url:www.structurecontest.com
2023-05-04 10:55:11,106 - internal.pkg.logger - DEBUG - find the same url:www.c4best.cn
2023-05-04 10:55:11,108 - internal.pkg.logger - DEBUG - find the same url:www.c4best.cn
2023-05-04 10:55:11,109 - internal.pkg.logger - DEBUG - find the same url:aicontest.baidu.com/
2023-05-04 10:55:11,110 - internal.pkg.logger - DEBUG - find the same url:http://www.robotac.cn/
2023-05-04 10:55:11,112 - internal.pkg.logger - DEBUG - find the same url:IJou54M9mu8J.skin.moocollege.com
2023-05-04 10:55:11,113 - internal.pkg.logger - DEBUG - find the same url:https://cc.moocollege.com/#/details?15006
2023-05-04 10:55:11,114 - internal.pkg.logger - DEBUG - find the same url:bG7uhRih4OMM.skin.moocollege.com
2023-05-04 10:55:11,115 - internal.pkg.logger - DEBUG - find the same url:HJAx3pobOMQC.skin.moocollege.com
2023-05-04 10:55:11,117 - internal.pkg.logger - DEBUG - find the same url:MVw9Fhkghn95.skin.moocollege.com
2023-05-04 10:55:11,119 - internal.pkg.logger - DEBUG - find the same url:http://www.52jingsai.com/article-19022-1.html
2023-05-04 10:55:11,120 - internal.pkg.logger - DEBUG - find the same url:http://www.52jingsai.com/article-19007-1.html
2023-05-04 10:55:11,121 - internal.pkg.logger - DEBUG - find the same url:http://www.52jingsai.com/article-18899-1.html
2023-05-04 10:55:11,123 - internal.pkg.logger - DEBUG - find the same url:http://www.52jingsai.com/article-18833-1.html
2023-05-04 10:55:11,124 - internal.pkg.logger - DEBUG - find the same url:http://www.52jingsai.com/article-18678-1.html
2023-05-04 10:55:11,125 - internal.pkg.logger - DEBUG - find the same url:http://www.52jingsai.com/article-18645-1.html
2023-05-04 10:55:11,127 - internal.pkg.logger - DEBUG - find the same url:http://www.52jingsai.com/article-18506-1.html
2023-05-04 10:55:11,128 - internal.pkg.logger - DEBUG - find the same url:http://www.52jingsai.com/article-18363-1.html
2023-05-04 10:55:11,129 - internal.pkg.logger - DEBUG - find the same url:http://www.52jingsai.com/article-18465-1.html
2023-05-04 10:55:11,131 - internal.pkg.logger - DEBUG - find the same url:http://www.52jingsai.com/article-18427-1.html
2023-05-04 10:55:11,132 - internal.pkg.logger - DEBUG - find the same url:http://www.52jingsai.com/article-18366-1.html
2023-05-04 10:55:11,133 - internal.pkg.logger - DEBUG - find the same url:http://www.52jingsai.com/article-18358-1.html
2023-05-04 10:55:11,135 - internal.pkg.logger - DEBUG - find the same url:http://www.52jingsai.com/article-18152-1.html
2023-05-04 10:55:11,136 - internal.pkg.logger - DEBUG - find the same url:http://www.52jingsai.com/article-18287-1.html
2023-05-04 10:55:11,138 - internal.pkg.logger - DEBUG - find the same url:http://www.52jingsai.com/article-18262-1.html
2023-05-04 10:55:11,139 - internal.pkg.logger - DEBUG - find the same url:http://www.52jingsai.com/article-17911-1.html
2023-05-04 10:55:11,141 - internal.pkg.logger - DEBUG - find the same url:http://www.52jingsai.com/article-17484-1.html
2023-05-04 10:55:11,142 - internal.pkg.logger - DEBUG - find the same url:http://www.52jingsai.com/article-18058-1.html
2023-05-04 10:55:11,143 - internal.pkg.logger - DEBUG - find the same url:http://www.52jingsai.com/article-18052-1.html
2023-05-04 10:55:11,144 - internal.pkg.logger - DEBUG - find the same url:http://www.52jingsai.com/article-18004-1.html
2023-05-04 10:55:11,145 - internal.pkg.logger - DEBUG - find the same url:http://www.52jingsai.com/article-18001-1.html
2023-05-04 10:55:11,147 - internal.pkg.logger - DEBUG - find the same url:http://www.52jingsai.com/article-17899-1.html
2023-05-04 10:55:11,148 - internal.pkg.logger - DEBUG - find the same url:http://www.52jingsai.com/article-17999-1.html
2023-05-04 10:55:11,149 - internal.pkg.logger - DEBUG - find the same url:http://www.52jingsai.com/article-17746-1.html
2023-05-04 10:55:11,151 - internal.pkg.logger - DEBUG - find the same url:http://www.52jingsai.com/article-17737-1.html
2023-05-04 10:55:11,152 - internal.pkg.logger - DEBUG - find the same url:http://www.52jingsai.com/article-17692-1.html
2023-05-04 10:55:11,153 - internal.pkg.logger - DEBUG - find the same url:http://www.52jingsai.com/article-17627-1.html
2023-05-04 10:55:11,154 - internal.pkg.logger - DEBUG - find the same url:http://www.52jingsai.com/article-17591-1.html
2023-05-04 10:55:11,156 - internal.pkg.logger - DEBUG - find the same url:http://www.52jingsai.com/article-17574-1.html
2023-05-04 10:55:11,157 - internal.pkg.logger - DEBUG - find the same url:http://www.52jingsai.com/article-17570-1.html
2023-05-04 10:55:11,158 - internal.pkg.logger - DEBUG - find the same url:http://www.52jingsai.com/article-19076-1.html
2023-05-04 10:55:11,160 - internal.pkg.logger - DEBUG - find the same url:http://www.52jingsai.com/article-19074-1.html
2023-05-04 10:55:11,161 - internal.pkg.logger - DEBUG - find the same url:http://www.52jingsai.com/article-19043-1.html
2023-05-04 10:55:11,162 - internal.pkg.logger - DEBUG - find the same url:http://www.52jingsai.com/article-18906-1.html
2023-05-04 10:55:11,164 - internal.pkg.logger - DEBUG - find the same url:http://www.52jingsai.com/article-18632-1.html
2023-05-04 10:55:11,165 - internal.pkg.logger - DEBUG - find the same url:http://www.52jingsai.com/article-18844-1.html
2023-05-04 10:55:11,166 - internal.pkg.logger - DEBUG - find the same url:http://www.52jingsai.com/article-18821-1.html
2023-05-04 10:55:11,168 - internal.pkg.logger - DEBUG - find the same url:http://www.52jingsai.com/article-18784-1.html
2023-05-04 10:55:11,169 - internal.pkg.logger - DEBUG - find the same url:http://www.52jingsai.com/article-18743-1.html
2023-05-04 10:55:11,170 - internal.pkg.logger - DEBUG - find the same url:http://www.52jingsai.com/article-18704-1.html
2023-05-04 10:55:11,172 - internal.pkg.logger - DEBUG - find the same url:http://www.52jingsai.com/article-18360-1.html
2023-05-04 10:55:11,173 - internal.pkg.logger - DEBUG - find the same url:http://www.52jingsai.com/article-18666-1.html
2023-05-04 10:55:11,174 - internal.pkg.logger - DEBUG - find the same url:http://www.52jingsai.com/article-18200-1.html
2023-05-04 10:55:11,176 - internal.pkg.logger - DEBUG - find the same url:http://www.52jingsai.com/article-18574-1.html
2023-05-04 10:55:11,177 - internal.pkg.logger - DEBUG - find the same url:http://www.52jingsai.com/article-18537-1.html
2023-05-04 10:55:11,179 - internal.pkg.logger - DEBUG - find the same url:http://www.52jingsai.com/article-18497-1.html
2023-05-04 10:55:11,180 - internal.pkg.logger - DEBUG - find the same url:http://www.52jingsai.com/article-18391-1.html
2023-05-04 10:55:11,181 - internal.pkg.logger - DEBUG - find the same url:http://www.52jingsai.com/article-18359-1.html
2023-05-04 10:55:11,182 - internal.pkg.logger - DEBUG - find the same url:http://www.52jingsai.com/article-15791-1.html
2023-05-04 10:55:11,184 - internal.pkg.logger - DEBUG - find the same url:http://www.52jingsai.com/article-18303-1.html
2023-05-04 10:55:11,185 - internal.pkg.logger - DEBUG - find the same url:http://www.52jingsai.com/article-18298-1.html
2023-05-04 10:55:11,186 - internal.pkg.logger - DEBUG - find the same url:http://www.52jingsai.com/article-18297-1.html
2023-05-04 10:55:11,188 - internal.pkg.logger - DEBUG - find the same url:http://www.52jingsai.com/article-17780-1.html
2023-05-04 10:55:11,189 - internal.pkg.logger - DEBUG - find the same url:http://www.52jingsai.com/article-18221-1.html
2023-05-04 10:55:11,190 - internal.pkg.logger - DEBUG - find the same url:http://www.52jingsai.com/article-18220-1.html
2023-05-04 10:55:11,192 - internal.pkg.logger - DEBUG - find the same url:http://www.52jingsai.com/article-18175-1.html
2023-05-04 10:55:11,193 - internal.pkg.logger - DEBUG - find the same url:http://www.52jingsai.com/article-18135-1.html
2023-05-04 10:55:11,194 - internal.pkg.logger - DEBUG - find the same url:http://www.52jingsai.com/article-18112-1.html
2023-05-04 10:55:11,196 - internal.pkg.logger - DEBUG - find the same url:http://www.52jingsai.com/article-18106-1.html
2023-05-04 10:55:11,197 - internal.pkg.logger - DEBUG - find the same url:http://www.52jingsai.com/article-18100-1.html
2023-05-04 10:55:11,198 - internal.pkg.logger - DEBUG - find the same url:http://www.52jingsai.com/article-18759-1.html
2023-05-04 10:55:11,200 - internal.pkg.logger - DEBUG - find the same url:http://www.52jingsai.com/article-19063-1.html
2023-05-04 10:55:11,201 - internal.pkg.logger - DEBUG - find the same url:http://www.52jingsai.com/article-18695-1.html
2023-05-04 10:55:11,202 - internal.pkg.logger - DEBUG - find the same url:http://www.52jingsai.com/article-19042-1.html
2023-05-04 10:55:11,203 - internal.pkg.logger - DEBUG - find the same url:http://www.52jingsai.com/article-18969-1.html
2023-05-04 10:55:11,205 - internal.pkg.logger - DEBUG - find the same url:http://www.52jingsai.com/article-18618-1.html
2023-05-04 10:55:11,206 - internal.pkg.logger - DEBUG - find the same url:http://www.52jingsai.com/article-18834-1.html
2023-05-04 10:55:11,207 - internal.pkg.logger - DEBUG - find the same url:http://www.52jingsai.com/article-18859-1.html
2023-05-04 10:55:11,209 - internal.pkg.logger - DEBUG - find the same url:http://www.52jingsai.com/article-18700-1.html
2023-05-04 10:55:11,210 - internal.pkg.logger - DEBUG - find the same url:http://www.52jingsai.com/article-18791-1.html
2023-05-04 10:55:11,211 - internal.pkg.logger - DEBUG - find the same url:http://www.52jingsai.com/article-18719-1.html
2023-05-04 10:55:11,212 - internal.pkg.logger - DEBUG - find the same url:http://www.52jingsai.com/article-18703-1.html
2023-05-04 10:55:11,214 - internal.pkg.logger - DEBUG - find the same url:http://www.52jingsai.com/article-18690-1.html
2023-05-04 10:55:11,215 - internal.pkg.logger - DEBUG - find the same url:http://www.52jingsai.com/article-18146-1.html
2023-05-04 10:55:11,217 - internal.pkg.logger - DEBUG - find the same url:http://www.52jingsai.com/article-18687-1.html
2023-05-04 10:55:11,218 - internal.pkg.logger - DEBUG - find the same url:http://www.52jingsai.com/article-18688-1.html
2023-05-04 10:55:11,219 - internal.pkg.logger - DEBUG - find the same url:http://www.52jingsai.com/article-18403-1.html
2023-05-04 10:55:11,220 - internal.pkg.logger - DEBUG - find the same url:http://www.52jingsai.com/article-18609-1.html
2023-05-04 10:55:11,222 - internal.pkg.logger - DEBUG - find the same url:http://www.52jingsai.com/article-18585-1.html
2023-05-04 10:55:11,223 - internal.pkg.logger - DEBUG - find the same url:http://www.52jingsai.com/article-18572-1.html
2023-05-04 10:55:11,224 - internal.pkg.logger - DEBUG - find the same url:http://www.52jingsai.com/article-18184-1.html
2023-05-04 10:55:11,225 - internal.pkg.logger - DEBUG - find the same url:http://www.52jingsai.com/article-17660-1.html
2023-05-04 10:55:11,227 - internal.pkg.logger - DEBUG - find the same url:http://www.52jingsai.com/article-17779-1.html
2023-05-04 10:55:11,228 - internal.pkg.logger - DEBUG - find the same url:http://www.52jingsai.com/article-17514-1.html
2023-05-04 10:55:11,229 - internal.pkg.logger - DEBUG - find the same url:http://www.52jingsai.com/article-17774-1.html
2023-05-04 10:55:11,230 - internal.pkg.logger - DEBUG - find the same url:http://www.52jingsai.com/article-17921-1.html
2023-05-04 10:55:11,232 - internal.pkg.logger - DEBUG - find the same url:http://www.52jingsai.com/article-16675-1.html
2023-05-04 10:55:11,233 - internal.pkg.logger - DEBUG - find the same url:http://www.52jingsai.com/article-17451-1.html
2023-05-04 10:55:11,234 - internal.pkg.logger - DEBUG - find the same url:http://www.52jingsai.com/article-16114-1.html
2023-05-04 10:55:11,235 - internal.pkg.logger - DEBUG - find the same url:http://www.52jingsai.com/article-17087-1.html
2023-05-04 10:55:11,236 - internal.pkg.logger - INFO - All Done in current time: 2023-05-04 10:55:11.236008
